[20-Apr-2025 17:04:42 UTC] PHP Parse error:  syntax error, unexpected token "<", expecting end of file in /Users/keishiro/Local Sites/pengin-ai/app/public/wp-content/themes/pengin-ai-theme/single-lesson.php on line 96
[20-Apr-2025 17:06:09 UTC] PHP Warning:  Array to string conversion in /Users/keishiro/Local Sites/pengin-ai/app/public/wp-content/plugins/advanced-custom-fields/includes/acf-value-functions.php on line 115
[20-Apr-2025 17:06:09 UTC] PHP Warning:  Array to string conversion in /Users/keishiro/Local Sites/pengin-ai/app/public/wp-content/plugins/advanced-custom-fields/includes/acf-value-functions.php on line 141
[20-Apr-2025 17:06:59 UTC] PHP Warning:  Array to string conversion in /Users/keishiro/Local Sites/pengin-ai/app/public/wp-content/plugins/advanced-custom-fields/includes/acf-value-functions.php on line 115
[20-Apr-2025 17:06:59 UTC] PHP Warning:  Array to string conversion in /Users/keishiro/Local Sites/pengin-ai/app/public/wp-content/plugins/advanced-custom-fields/includes/acf-value-functions.php on line 141
[20-Apr-2025 17:07:10 UTC] PHP Warning:  Array to string conversion in /Users/keishiro/Local Sites/pengin-ai/app/public/wp-content/plugins/advanced-custom-fields/includes/acf-value-functions.php on line 115
[20-Apr-2025 17:07:10 UTC] PHP Warning:  Array to string conversion in /Users/keishiro/Local Sites/pengin-ai/app/public/wp-content/plugins/advanced-custom-fields/includes/acf-value-functions.php on line 141
[20-Apr-2025 17:07:27 UTC] PHP Warning:  Array to string conversion in /Users/keishiro/Local Sites/pengin-ai/app/public/wp-content/plugins/advanced-custom-fields/includes/acf-value-functions.php on line 115
[20-Apr-2025 17:07:27 UTC] PHP Warning:  Array to string conversion in /Users/keishiro/Local Sites/pengin-ai/app/public/wp-content/plugins/advanced-custom-fields/includes/acf-value-functions.php on line 141
[20-Apr-2025 17:07:35 UTC] PHP Warning:  Array to string conversion in /Users/keishiro/Local Sites/pengin-ai/app/public/wp-content/plugins/advanced-custom-fields/includes/acf-value-functions.php on line 115
[20-Apr-2025 17:07:35 UTC] PHP Warning:  Array to string conversion in /Users/keishiro/Local Sites/pengin-ai/app/public/wp-content/plugins/advanced-custom-fields/includes/acf-value-functions.php on line 141
[20-Apr-2025 17:15:06 UTC] PHP Warning:  Array to string conversion in /Users/keishiro/Local Sites/pengin-ai/app/public/wp-content/plugins/advanced-custom-fields/includes/acf-value-functions.php on line 115
[20-Apr-2025 17:15:06 UTC] PHP Warning:  Array to string conversion in /Users/keishiro/Local Sites/pengin-ai/app/public/wp-content/plugins/advanced-custom-fields/includes/acf-value-functions.php on line 141
[20-Apr-2025 17:16:24 UTC] PHP Warning:  Array to string conversion in /Users/keishiro/Local Sites/pengin-ai/app/public/wp-content/plugins/advanced-custom-fields/includes/acf-value-functions.php on line 115
[20-Apr-2025 17:16:24 UTC] PHP Warning:  Array to string conversion in /Users/keishiro/Local Sites/pengin-ai/app/public/wp-content/plugins/advanced-custom-fields/includes/acf-value-functions.php on line 141
[20-Apr-2025 17:16:39 UTC] PHP Warning:  Array to string conversion in /Users/keishiro/Local Sites/pengin-ai/app/public/wp-content/plugins/advanced-custom-fields/includes/acf-value-functions.php on line 115
[20-Apr-2025 17:16:39 UTC] PHP Warning:  Array to string conversion in /Users/keishiro/Local Sites/pengin-ai/app/public/wp-content/plugins/advanced-custom-fields/includes/acf-value-functions.php on line 141
[20-Apr-2025 17:17:18 UTC] PHP Warning:  Array to string conversion in /Users/keishiro/Local Sites/pengin-ai/app/public/wp-content/plugins/advanced-custom-fields/includes/acf-value-functions.php on line 115
[20-Apr-2025 17:17:18 UTC] PHP Warning:  Array to string conversion in /Users/keishiro/Local Sites/pengin-ai/app/public/wp-content/plugins/advanced-custom-fields/includes/acf-value-functions.php on line 141
[20-Apr-2025 17:17:21 UTC] PHP Warning:  Array to string conversion in /Users/keishiro/Local Sites/pengin-ai/app/public/wp-content/plugins/advanced-custom-fields/includes/acf-value-functions.php on line 115
[20-Apr-2025 17:17:21 UTC] PHP Warning:  Array to string conversion in /Users/keishiro/Local Sites/pengin-ai/app/public/wp-content/plugins/advanced-custom-fields/includes/acf-value-functions.php on line 141
[20-Apr-2025 17:18:48 UTC] PHP Warning:  Undefined variable $args3 in /Users/keishiro/Local Sites/pengin-ai/app/public/wp-content/themes/pengin-ai-theme/single-lesson.php on line 102
[20-Apr-2025 17:18:58 UTC] PHP Warning:  Undefined variable $args2 in /Users/keishiro/Local Sites/pengin-ai/app/public/wp-content/themes/pengin-ai-theme/single-lesson.php on line 90
[20-Apr-2025 17:18:58 UTC] PHP Warning:  Undefined variable $args3 in /Users/keishiro/Local Sites/pengin-ai/app/public/wp-content/themes/pengin-ai-theme/single-lesson.php on line 91
[20-Apr-2025 17:18:58 UTC] PHP Warning:  Array to string conversion in /Users/keishiro/Local Sites/pengin-ai/app/public/wp-content/themes/pengin-ai-theme/single-lesson.php on line 211
[20-Apr-2025 17:18:58 UTC] PHP Warning:  Array to string conversion in /Users/keishiro/Local Sites/pengin-ai/app/public/wp-content/themes/pengin-ai-theme/single-lesson.php on line 211
[20-Apr-2025 17:19:10 UTC] PHP Warning:  Undefined variable $args1 in /Users/keishiro/Local Sites/pengin-ai/app/public/wp-content/themes/pengin-ai-theme/single-lesson.php on line 86
[20-Apr-2025 17:19:10 UTC] PHP Warning:  Undefined variable $args3 in /Users/keishiro/Local Sites/pengin-ai/app/public/wp-content/themes/pengin-ai-theme/single-lesson.php on line 88
[20-Apr-2025 17:19:57 UTC] PHP Warning:  Undefined variable $current_lesson_id in /Users/keishiro/Local Sites/pengin-ai/app/public/wp-content/themes/pengin-ai-theme/single-lesson.php on line 78
[20-Apr-2025 17:23:36 UTC] PHP Warning:  Array to string conversion in /Users/keishiro/Local Sites/pengin-ai/app/public/wp-content/plugins/advanced-custom-fields/includes/acf-value-functions.php on line 115
[20-Apr-2025 17:23:36 UTC] PHP Warning:  Array to string conversion in /Users/keishiro/Local Sites/pengin-ai/app/public/wp-content/plugins/advanced-custom-fields/includes/acf-value-functions.php on line 141
[20-Apr-2025 17:25:42 UTC] PHP Warning:  Array to string conversion in /Users/keishiro/Local Sites/pengin-ai/app/public/wp-content/plugins/advanced-custom-fields/includes/acf-value-functions.php on line 115
[20-Apr-2025 17:25:42 UTC] PHP Warning:  Array to string conversion in /Users/keishiro/Local Sites/pengin-ai/app/public/wp-content/plugins/advanced-custom-fields/includes/acf-value-functions.php on line 141
[20-Apr-2025 17:26:06 UTC] PHP Warning:  Array to string conversion in /Users/keishiro/Local Sites/pengin-ai/app/public/wp-content/plugins/advanced-custom-fields/includes/acf-value-functions.php on line 115
[20-Apr-2025 17:26:06 UTC] PHP Warning:  Array to string conversion in /Users/keishiro/Local Sites/pengin-ai/app/public/wp-content/plugins/advanced-custom-fields/includes/acf-value-functions.php on line 141
[20-Apr-2025 17:26:41 UTC] PHP Warning:  Array to string conversion in /Users/keishiro/Local Sites/pengin-ai/app/public/wp-content/plugins/advanced-custom-fields/includes/acf-value-functions.php on line 115
[20-Apr-2025 17:26:41 UTC] PHP Warning:  Array to string conversion in /Users/keishiro/Local Sites/pengin-ai/app/public/wp-content/plugins/advanced-custom-fields/includes/acf-value-functions.php on line 141
[24-Apr-2025 15:04:15 UTC] PHP Fatal error:  Uncaught Error: Object of class WP_Error could not be converted to string in /Users/keishiro/Local Sites/pengin-ai/app/public/wp-content/themes/pengin-ai-theme/front-page.php:262
Stack trace:
#0 /Users/keishiro/Local Sites/pengin-ai/app/public/wp-includes/template-loader.php(106): include()
#1 /Users/keishiro/Local Sites/pengin-ai/app/public/wp-blog-header.php(19): require_once('/Users/keishiro...')
#2 /Users/keishiro/Local Sites/pengin-ai/app/public/index.php(17): require('/Users/keishiro...')
#3 {main}
  thrown in /Users/keishiro/Local Sites/pengin-ai/app/public/wp-content/themes/pengin-ai-theme/front-page.php on line 262
[24-Apr-2025 15:04:17 UTC] PHP Fatal error:  Uncaught Error: Object of class WP_Error could not be converted to string in /Users/keishiro/Local Sites/pengin-ai/app/public/wp-content/themes/pengin-ai-theme/front-page.php:262
Stack trace:
#0 /Users/keishiro/Local Sites/pengin-ai/app/public/wp-includes/template-loader.php(106): include()
#1 /Users/keishiro/Local Sites/pengin-ai/app/public/wp-blog-header.php(19): require_once('/Users/keishiro...')
#2 /Users/keishiro/Local Sites/pengin-ai/app/public/index.php(17): require('/Users/keishiro...')
#3 {main}
  thrown in /Users/keishiro/Local Sites/pengin-ai/app/public/wp-content/themes/pengin-ai-theme/front-page.php on line 262
[24-Apr-2025 15:08:15 UTC] PHP Fatal error:  Uncaught Error: Object of class WP_Error could not be converted to string in /Users/keishiro/Local Sites/pengin-ai/app/public/wp-content/themes/pengin-ai-theme/front-page.php:314
Stack trace:
#0 /Users/keishiro/Local Sites/pengin-ai/app/public/wp-includes/template-loader.php(106): include()
#1 /Users/keishiro/Local Sites/pengin-ai/app/public/wp-blog-header.php(19): require_once('/Users/keishiro...')
#2 /Users/keishiro/Local Sites/pengin-ai/app/public/index.php(17): require('/Users/keishiro...')
#3 {main}
  thrown in /Users/keishiro/Local Sites/pengin-ai/app/public/wp-content/themes/pengin-ai-theme/front-page.php on line 314
[24-Apr-2025 15:09:17 UTC] PHP Fatal error:  Uncaught Error: Object of class WP_Error could not be converted to string in /Users/keishiro/Local Sites/pengin-ai/app/public/wp-content/themes/pengin-ai-theme/front-page.php:267
Stack trace:
#0 /Users/keishiro/Local Sites/pengin-ai/app/public/wp-includes/template-loader.php(106): include()
#1 /Users/keishiro/Local Sites/pengin-ai/app/public/wp-blog-header.php(19): require_once('/Users/keishiro...')
#2 /Users/keishiro/Local Sites/pengin-ai/app/public/index.php(17): require('/Users/keishiro...')
#3 {main}
  thrown in /Users/keishiro/Local Sites/pengin-ai/app/public/wp-content/themes/pengin-ai-theme/front-page.php on line 267
[24-Apr-2025 15:10:09 UTC] PHP Fatal error:  Uncaught Error: Object of class WP_Error could not be converted to string in /Users/keishiro/Local Sites/pengin-ai/app/public/wp-content/themes/pengin-ai-theme/front-page.php:267
Stack trace:
#0 /Users/keishiro/Local Sites/pengin-ai/app/public/wp-includes/template-loader.php(106): include()
#1 /Users/keishiro/Local Sites/pengin-ai/app/public/wp-blog-header.php(19): require_once('/Users/keishiro...')
#2 /Users/keishiro/Local Sites/pengin-ai/app/public/index.php(17): require('/Users/keishiro...')
#3 {main}
  thrown in /Users/keishiro/Local Sites/pengin-ai/app/public/wp-content/themes/pengin-ai-theme/front-page.php on line 267
[24-Apr-2025 15:10:12 UTC] PHP Fatal error:  Uncaught Error: Object of class WP_Error could not be converted to string in /Users/keishiro/Local Sites/pengin-ai/app/public/wp-content/themes/pengin-ai-theme/front-page.php:267
Stack trace:
#0 /Users/keishiro/Local Sites/pengin-ai/app/public/wp-includes/template-loader.php(106): include()
#1 /Users/keishiro/Local Sites/pengin-ai/app/public/wp-blog-header.php(19): require_once('/Users/keishiro...')
#2 /Users/keishiro/Local Sites/pengin-ai/app/public/index.php(17): require('/Users/keishiro...')
#3 {main}
  thrown in /Users/keishiro/Local Sites/pengin-ai/app/public/wp-content/themes/pengin-ai-theme/front-page.php on line 267
[24-Apr-2025 15:16:24 UTC] PHP Fatal error:  Uncaught Error: Object of class WP_Error could not be converted to string in /Users/keishiro/Local Sites/pengin-ai/app/public/wp-content/themes/pengin-ai-theme/front-page.php:267
Stack trace:
#0 /Users/keishiro/Local Sites/pengin-ai/app/public/wp-includes/template-loader.php(106): include()
#1 /Users/keishiro/Local Sites/pengin-ai/app/public/wp-blog-header.php(19): require_once('/Users/keishiro...')
#2 /Users/keishiro/Local Sites/pengin-ai/app/public/index.php(17): require('/Users/keishiro...')
#3 {main}
  thrown in /Users/keishiro/Local Sites/pengin-ai/app/public/wp-content/themes/pengin-ai-theme/front-page.php on line 267
[24-Apr-2025 15:22:05 UTC] PHP Fatal error:  Uncaught Error: Object of class WP_Error could not be converted to string in /Users/keishiro/Local Sites/pengin-ai/app/public/wp-content/themes/pengin-ai-theme/front-page.php:267
Stack trace:
#0 /Users/keishiro/Local Sites/pengin-ai/app/public/wp-includes/template-loader.php(106): include()
#1 /Users/keishiro/Local Sites/pengin-ai/app/public/wp-blog-header.php(19): require_once('/Users/keishiro...')
#2 /Users/keishiro/Local Sites/pengin-ai/app/public/index.php(17): require('/Users/keishiro...')
#3 {main}
  thrown in /Users/keishiro/Local Sites/pengin-ai/app/public/wp-content/themes/pengin-ai-theme/front-page.php on line 267
[24-Apr-2025 15:23:42 UTC] PHP Fatal error:  Uncaught Error: Object of class WP_Error could not be converted to string in /Users/keishiro/Local Sites/pengin-ai/app/public/wp-content/themes/pengin-ai-theme/front-page.php:267
Stack trace:
#0 /Users/keishiro/Local Sites/pengin-ai/app/public/wp-includes/template-loader.php(106): include()
#1 /Users/keishiro/Local Sites/pengin-ai/app/public/wp-blog-header.php(19): require_once('/Users/keishiro...')
#2 /Users/keishiro/Local Sites/pengin-ai/app/public/index.php(17): require('/Users/keishiro...')
#3 {main}
  thrown in /Users/keishiro/Local Sites/pengin-ai/app/public/wp-content/themes/pengin-ai-theme/front-page.php on line 267
[24-Apr-2025 15:28:08 UTC] PHP Fatal error:  Uncaught Error: Object of class WP_Error could not be converted to string in /Users/keishiro/Local Sites/pengin-ai/app/public/wp-content/themes/pengin-ai-theme/front-page.php:267
Stack trace:
#0 /Users/keishiro/Local Sites/pengin-ai/app/public/wp-includes/template-loader.php(106): include()
#1 /Users/keishiro/Local Sites/pengin-ai/app/public/wp-blog-header.php(19): require_once('/Users/keishiro...')
#2 /Users/keishiro/Local Sites/pengin-ai/app/public/index.php(17): require('/Users/keishiro...')
#3 {main}
  thrown in /Users/keishiro/Local Sites/pengin-ai/app/public/wp-content/themes/pengin-ai-theme/front-page.php on line 267
[24-Apr-2025 15:28:10 UTC] PHP Fatal error:  Uncaught Error: Object of class WP_Error could not be converted to string in /Users/keishiro/Local Sites/pengin-ai/app/public/wp-content/themes/pengin-ai-theme/front-page.php:267
Stack trace:
#0 /Users/keishiro/Local Sites/pengin-ai/app/public/wp-includes/template-loader.php(106): include()
#1 /Users/keishiro/Local Sites/pengin-ai/app/public/wp-blog-header.php(19): require_once('/Users/keishiro...')
#2 /Users/keishiro/Local Sites/pengin-ai/app/public/index.php(17): require('/Users/keishiro...')
#3 {main}
  thrown in /Users/keishiro/Local Sites/pengin-ai/app/public/wp-content/themes/pengin-ai-theme/front-page.php on line 267
[24-Apr-2025 15:31:12 UTC] PHP Fatal error:  Uncaught Error: Object of class WP_Error could not be converted to string in /Users/keishiro/Local Sites/pengin-ai/app/public/wp-content/themes/pengin-ai-theme/front-page.php:267
Stack trace:
#0 /Users/keishiro/Local Sites/pengin-ai/app/public/wp-includes/template-loader.php(106): include()
#1 /Users/keishiro/Local Sites/pengin-ai/app/public/wp-blog-header.php(19): require_once('/Users/keishiro...')
#2 /Users/keishiro/Local Sites/pengin-ai/app/public/index.php(17): require('/Users/keishiro...')
#3 {main}
  thrown in /Users/keishiro/Local Sites/pengin-ai/app/public/wp-content/themes/pengin-ai-theme/front-page.php on line 267
[24-Apr-2025 15:33:16 UTC] PHP Fatal error:  Uncaught Error: Object of class WP_Error could not be converted to string in /Users/keishiro/Local Sites/pengin-ai/app/public/wp-content/themes/pengin-ai-theme/front-page.php:267
Stack trace:
#0 /Users/keishiro/Local Sites/pengin-ai/app/public/wp-includes/template-loader.php(106): include()
#1 /Users/keishiro/Local Sites/pengin-ai/app/public/wp-blog-header.php(19): require_once('/Users/keishiro...')
#2 /Users/keishiro/Local Sites/pengin-ai/app/public/index.php(17): require('/Users/keishiro...')
#3 {main}
  thrown in /Users/keishiro/Local Sites/pengin-ai/app/public/wp-content/themes/pengin-ai-theme/front-page.php on line 267
[24-Apr-2025 15:33:50 UTC] PHP Fatal error:  Uncaught Error: Object of class WP_Error could not be converted to string in /Users/keishiro/Local Sites/pengin-ai/app/public/wp-content/themes/pengin-ai-theme/front-page.php:267
Stack trace:
#0 /Users/keishiro/Local Sites/pengin-ai/app/public/wp-includes/template-loader.php(106): include()
#1 /Users/keishiro/Local Sites/pengin-ai/app/public/wp-blog-header.php(19): require_once('/Users/keishiro...')
#2 /Users/keishiro/Local Sites/pengin-ai/app/public/index.php(17): require('/Users/keishiro...')
#3 {main}
  thrown in /Users/keishiro/Local Sites/pengin-ai/app/public/wp-content/themes/pengin-ai-theme/front-page.php on line 267
[24-Apr-2025 15:33:50 UTC] PHP Fatal error:  Uncaught Error: Object of class WP_Error could not be converted to string in /Users/keishiro/Local Sites/pengin-ai/app/public/wp-content/themes/pengin-ai-theme/front-page.php:267
Stack trace:
#0 /Users/keishiro/Local Sites/pengin-ai/app/public/wp-includes/template-loader.php(106): include()
#1 /Users/keishiro/Local Sites/pengin-ai/app/public/wp-blog-header.php(19): require_once('/Users/keishiro...')
#2 /Users/keishiro/Local Sites/pengin-ai/app/public/index.php(17): require('/Users/keishiro...')
#3 {main}
  thrown in /Users/keishiro/Local Sites/pengin-ai/app/public/wp-content/themes/pengin-ai-theme/front-page.php on line 267
[24-Apr-2025 15:58:35 UTC] PHP Fatal error:  Uncaught Error: Object of class WP_Error could not be converted to string in /Users/keishiro/Local Sites/pengin-ai/app/public/wp-content/themes/pengin-ai-theme/front-page.php:267
Stack trace:
#0 /Users/keishiro/Local Sites/pengin-ai/app/public/wp-includes/template-loader.php(106): include()
#1 /Users/keishiro/Local Sites/pengin-ai/app/public/wp-blog-header.php(19): require_once('/Users/keishiro...')
#2 /Users/keishiro/Local Sites/pengin-ai/app/public/index.php(17): require('/Users/keishiro...')
#3 {main}
  thrown in /Users/keishiro/Local Sites/pengin-ai/app/public/wp-content/themes/pengin-ai-theme/front-page.php on line 267
[24-Apr-2025 15:59:52 UTC] PHP Fatal error:  Uncaught Error: Object of class WP_Error could not be converted to string in /Users/keishiro/Local Sites/pengin-ai/app/public/wp-content/themes/pengin-ai-theme/front-page.php:267
Stack trace:
#0 /Users/keishiro/Local Sites/pengin-ai/app/public/wp-includes/template-loader.php(106): include()
#1 /Users/keishiro/Local Sites/pengin-ai/app/public/wp-blog-header.php(19): require_once('/Users/keishiro...')
#2 /Users/keishiro/Local Sites/pengin-ai/app/public/index.php(17): require('/Users/keishiro...')
#3 {main}
  thrown in /Users/keishiro/Local Sites/pengin-ai/app/public/wp-content/themes/pengin-ai-theme/front-page.php on line 267
[24-Apr-2025 16:05:00 UTC] PHP Fatal error:  Uncaught Error: Object of class WP_Error could not be converted to string in /Users/keishiro/Local Sites/pengin-ai/app/public/wp-content/themes/pengin-ai-theme/front-page.php:267
Stack trace:
#0 /Users/keishiro/Local Sites/pengin-ai/app/public/wp-includes/template-loader.php(106): include()
#1 /Users/keishiro/Local Sites/pengin-ai/app/public/wp-blog-header.php(19): require_once('/Users/keishiro...')
#2 /Users/keishiro/Local Sites/pengin-ai/app/public/index.php(17): require('/Users/keishiro...')
#3 {main}
  thrown in /Users/keishiro/Local Sites/pengin-ai/app/public/wp-content/themes/pengin-ai-theme/front-page.php on line 267
[24-Apr-2025 16:06:07 UTC] PHP Fatal error:  Uncaught Error: Object of class WP_Error could not be converted to string in /Users/keishiro/Local Sites/pengin-ai/app/public/wp-content/themes/pengin-ai-theme/front-page.php:267
Stack trace:
#0 /Users/keishiro/Local Sites/pengin-ai/app/public/wp-includes/template-loader.php(106): include()
#1 /Users/keishiro/Local Sites/pengin-ai/app/public/wp-blog-header.php(19): require_once('/Users/keishiro...')
#2 /Users/keishiro/Local Sites/pengin-ai/app/public/index.php(17): require('/Users/keishiro...')
#3 {main}
  thrown in /Users/keishiro/Local Sites/pengin-ai/app/public/wp-content/themes/pengin-ai-theme/front-page.php on line 267
[24-Apr-2025 16:07:43 UTC] PHP Fatal error:  Uncaught Error: Object of class WP_Error could not be converted to string in /Users/keishiro/Local Sites/pengin-ai/app/public/wp-content/themes/pengin-ai-theme/front-page.php:267
Stack trace:
#0 /Users/keishiro/Local Sites/pengin-ai/app/public/wp-includes/template-loader.php(106): include()
#1 /Users/keishiro/Local Sites/pengin-ai/app/public/wp-blog-header.php(19): require_once('/Users/keishiro...')
#2 /Users/keishiro/Local Sites/pengin-ai/app/public/index.php(17): require('/Users/keishiro...')
#3 {main}
  thrown in /Users/keishiro/Local Sites/pengin-ai/app/public/wp-content/themes/pengin-ai-theme/front-page.php on line 267
[24-Apr-2025 16:20:26 UTC] PHP Parse error:  syntax error, unexpected end of file, expecting "elseif" or "else" or "endif" in /Users/keishiro/Local Sites/pengin-ai/app/public/wp-content/themes/pengin-ai-theme/single-lesson.php on line 328
[24-Apr-2025 16:22:00 UTC] PHP Fatal error:  Uncaught Error: Object of class WP_Error could not be converted to string in /Users/keishiro/Local Sites/pengin-ai/app/public/wp-content/themes/pengin-ai-theme/front-page.php:267
Stack trace:
#0 /Users/keishiro/Local Sites/pengin-ai/app/public/wp-includes/template-loader.php(106): include()
#1 /Users/keishiro/Local Sites/pengin-ai/app/public/wp-blog-header.php(19): require_once('/Users/keishiro...')
#2 /Users/keishiro/Local Sites/pengin-ai/app/public/index.php(17): require('/Users/keishiro...')
#3 {main}
  thrown in /Users/keishiro/Local Sites/pengin-ai/app/public/wp-content/themes/pengin-ai-theme/front-page.php on line 267
[24-Apr-2025 16:22:05 UTC] PHP Fatal error:  Uncaught Error: Object of class WP_Error could not be converted to string in /Users/keishiro/Local Sites/pengin-ai/app/public/wp-content/themes/pengin-ai-theme/front-page.php:267
Stack trace:
#0 /Users/keishiro/Local Sites/pengin-ai/app/public/wp-includes/template-loader.php(106): include()
#1 /Users/keishiro/Local Sites/pengin-ai/app/public/wp-blog-header.php(19): require_once('/Users/keishiro...')
#2 /Users/keishiro/Local Sites/pengin-ai/app/public/index.php(17): require('/Users/keishiro...')
#3 {main}
  thrown in /Users/keishiro/Local Sites/pengin-ai/app/public/wp-content/themes/pengin-ai-theme/front-page.php on line 267
[24-Apr-2025 16:24:30 UTC] PHP Fatal error:  Uncaught Error: Object of class WP_Error could not be converted to string in /Users/keishiro/Local Sites/pengin-ai/app/public/wp-content/themes/pengin-ai-theme/front-page.php:267
Stack trace:
#0 /Users/keishiro/Local Sites/pengin-ai/app/public/wp-includes/template-loader.php(106): include()
#1 /Users/keishiro/Local Sites/pengin-ai/app/public/wp-blog-header.php(19): require_once('/Users/keishiro...')
#2 /Users/keishiro/Local Sites/pengin-ai/app/public/index.php(17): require('/Users/keishiro...')
#3 {main}
  thrown in /Users/keishiro/Local Sites/pengin-ai/app/public/wp-content/themes/pengin-ai-theme/front-page.php on line 267
[24-Apr-2025 16:24:48 UTC] PHP Fatal error:  Uncaught Error: Object of class WP_Error could not be converted to string in /Users/keishiro/Local Sites/pengin-ai/app/public/wp-content/themes/pengin-ai-theme/front-page.php:267
Stack trace:
#0 /Users/keishiro/Local Sites/pengin-ai/app/public/wp-includes/template-loader.php(106): include()
#1 /Users/keishiro/Local Sites/pengin-ai/app/public/wp-blog-header.php(19): require_once('/Users/keishiro...')
#2 /Users/keishiro/Local Sites/pengin-ai/app/public/index.php(17): require('/Users/keishiro...')
#3 {main}
  thrown in /Users/keishiro/Local Sites/pengin-ai/app/public/wp-content/themes/pengin-ai-theme/front-page.php on line 267
[24-Apr-2025 17:10:13 UTC] PHP Fatal error:  Uncaught Error: Object of class WP_Error could not be converted to string in /Users/keishiro/Local Sites/pengin-ai/app/public/wp-content/themes/pengin-ai-theme/front-page.php:267
Stack trace:
#0 /Users/keishiro/Local Sites/pengin-ai/app/public/wp-includes/template-loader.php(106): include()
#1 /Users/keishiro/Local Sites/pengin-ai/app/public/wp-blog-header.php(19): require_once('/Users/keishiro...')
#2 /Users/keishiro/Local Sites/pengin-ai/app/public/index.php(17): require('/Users/keishiro...')
#3 {main}
  thrown in /Users/keishiro/Local Sites/pengin-ai/app/public/wp-content/themes/pengin-ai-theme/front-page.php on line 267
[24-Apr-2025 17:36:45 UTC] PHP Fatal error:  Uncaught Error: Object of class WP_Error could not be converted to string in /Users/keishiro/Local Sites/pengin-ai/app/public/wp-content/themes/pengin-ai-theme/front-page.php:267
Stack trace:
#0 /Users/keishiro/Local Sites/pengin-ai/app/public/wp-includes/template-loader.php(106): include()
#1 /Users/keishiro/Local Sites/pengin-ai/app/public/wp-blog-header.php(19): require_once('/Users/keishiro...')
#2 /Users/keishiro/Local Sites/pengin-ai/app/public/index.php(17): require('/Users/keishiro...')
#3 {main}
  thrown in /Users/keishiro/Local Sites/pengin-ai/app/public/wp-content/themes/pengin-ai-theme/front-page.php on line 267
[24-Apr-2025 17:36:46 UTC] PHP Fatal error:  Uncaught Error: Object of class WP_Error could not be converted to string in /Users/keishiro/Local Sites/pengin-ai/app/public/wp-content/themes/pengin-ai-theme/front-page.php:267
Stack trace:
#0 /Users/keishiro/Local Sites/pengin-ai/app/public/wp-includes/template-loader.php(106): include()
#1 /Users/keishiro/Local Sites/pengin-ai/app/public/wp-blog-header.php(19): require_once('/Users/keishiro...')
#2 /Users/keishiro/Local Sites/pengin-ai/app/public/index.php(17): require('/Users/keishiro...')
#3 {main}
  thrown in /Users/keishiro/Local Sites/pengin-ai/app/public/wp-content/themes/pengin-ai-theme/front-page.php on line 267
[24-Apr-2025 17:45:03 UTC] PHP Fatal error:  Uncaught Error: Object of class WP_Error could not be converted to string in /Users/keishiro/Local Sites/pengin-ai/app/public/wp-content/themes/pengin-ai-theme/front-page.php:267
Stack trace:
#0 /Users/keishiro/Local Sites/pengin-ai/app/public/wp-includes/template-loader.php(106): include()
#1 /Users/keishiro/Local Sites/pengin-ai/app/public/wp-blog-header.php(19): require_once('/Users/keishiro...')
#2 /Users/keishiro/Local Sites/pengin-ai/app/public/index.php(17): require('/Users/keishiro...')
#3 {main}
  thrown in /Users/keishiro/Local Sites/pengin-ai/app/public/wp-content/themes/pengin-ai-theme/front-page.php on line 267
[24-Apr-2025 17:51:59 UTC] PHP Fatal error:  Uncaught Error: Object of class WP_Error could not be converted to string in /Users/keishiro/Local Sites/pengin-ai/app/public/wp-content/themes/pengin-ai-theme/front-page.php:267
Stack trace:
#0 /Users/keishiro/Local Sites/pengin-ai/app/public/wp-includes/template-loader.php(106): include()
#1 /Users/keishiro/Local Sites/pengin-ai/app/public/wp-blog-header.php(19): require_once('/Users/keishiro...')
#2 /Users/keishiro/Local Sites/pengin-ai/app/public/index.php(17): require('/Users/keishiro...')
#3 {main}
  thrown in /Users/keishiro/Local Sites/pengin-ai/app/public/wp-content/themes/pengin-ai-theme/front-page.php on line 267
[24-Apr-2025 17:52:26 UTC] PHP Fatal error:  Uncaught Error: Object of class WP_Error could not be converted to string in /Users/keishiro/Local Sites/pengin-ai/app/public/wp-content/themes/pengin-ai-theme/front-page.php:267
Stack trace:
#0 /Users/keishiro/Local Sites/pengin-ai/app/public/wp-includes/template-loader.php(106): include()
#1 /Users/keishiro/Local Sites/pengin-ai/app/public/wp-blog-header.php(19): require_once('/Users/keishiro...')
#2 /Users/keishiro/Local Sites/pengin-ai/app/public/index.php(17): require('/Users/keishiro...')
#3 {main}
  thrown in /Users/keishiro/Local Sites/pengin-ai/app/public/wp-content/themes/pengin-ai-theme/front-page.php on line 267
[24-Apr-2025 18:00:55 UTC] PHP Fatal error:  Uncaught Error: Object of class WP_Error could not be converted to string in /Users/keishiro/Local Sites/pengin-ai/app/public/wp-content/themes/pengin-ai-theme/front-page.php:267
Stack trace:
#0 /Users/keishiro/Local Sites/pengin-ai/app/public/wp-includes/template-loader.php(106): include()
#1 /Users/keishiro/Local Sites/pengin-ai/app/public/wp-blog-header.php(19): require_once('/Users/keishiro...')
#2 /Users/keishiro/Local Sites/pengin-ai/app/public/index.php(17): require('/Users/keishiro...')
#3 {main}
  thrown in /Users/keishiro/Local Sites/pengin-ai/app/public/wp-content/themes/pengin-ai-theme/front-page.php on line 267
[24-Apr-2025 18:02:39 UTC] PHP Fatal error:  Uncaught Error: Object of class WP_Error could not be converted to string in /Users/keishiro/Local Sites/pengin-ai/app/public/wp-content/themes/pengin-ai-theme/front-page.php:267
Stack trace:
#0 /Users/keishiro/Local Sites/pengin-ai/app/public/wp-includes/template-loader.php(106): include()
#1 /Users/keishiro/Local Sites/pengin-ai/app/public/wp-blog-header.php(19): require_once('/Users/keishiro...')
#2 /Users/keishiro/Local Sites/pengin-ai/app/public/index.php(17): require('/Users/keishiro...')
#3 {main}
  thrown in /Users/keishiro/Local Sites/pengin-ai/app/public/wp-content/themes/pengin-ai-theme/front-page.php on line 267
[24-Apr-2025 18:07:22 UTC] PHP Fatal error:  Uncaught Error: Object of class WP_Error could not be converted to string in /Users/keishiro/Local Sites/pengin-ai/app/public/wp-content/themes/pengin-ai-theme/front-page.php:267
Stack trace:
#0 /Users/keishiro/Local Sites/pengin-ai/app/public/wp-includes/template-loader.php(106): include()
#1 /Users/keishiro/Local Sites/pengin-ai/app/public/wp-blog-header.php(19): require_once('/Users/keishiro...')
#2 /Users/keishiro/Local Sites/pengin-ai/app/public/index.php(17): require('/Users/keishiro...')
#3 {main}
  thrown in /Users/keishiro/Local Sites/pengin-ai/app/public/wp-content/themes/pengin-ai-theme/front-page.php on line 267
[24-Apr-2025 18:09:57 UTC] PHP Fatal error:  Uncaught Error: Object of class WP_Error could not be converted to string in /Users/keishiro/Local Sites/pengin-ai/app/public/wp-content/themes/pengin-ai-theme/front-page.php:267
Stack trace:
#0 /Users/keishiro/Local Sites/pengin-ai/app/public/wp-includes/template-loader.php(106): include()
#1 /Users/keishiro/Local Sites/pengin-ai/app/public/wp-blog-header.php(19): require_once('/Users/keishiro...')
#2 /Users/keishiro/Local Sites/pengin-ai/app/public/index.php(17): require('/Users/keishiro...')
#3 {main}
  thrown in /Users/keishiro/Local Sites/pengin-ai/app/public/wp-content/themes/pengin-ai-theme/front-page.php on line 267
[24-Apr-2025 18:17:19 UTC] PHP Fatal error:  Uncaught Error: Object of class WP_Error could not be converted to string in /Users/keishiro/Local Sites/pengin-ai/app/public/wp-content/themes/pengin-ai-theme/front-page.php:267
Stack trace:
#0 /Users/keishiro/Local Sites/pengin-ai/app/public/wp-includes/template-loader.php(106): include()
#1 /Users/keishiro/Local Sites/pengin-ai/app/public/wp-blog-header.php(19): require_once('/Users/keishiro...')
#2 /Users/keishiro/Local Sites/pengin-ai/app/public/index.php(17): require('/Users/keishiro...')
#3 {main}
  thrown in /Users/keishiro/Local Sites/pengin-ai/app/public/wp-content/themes/pengin-ai-theme/front-page.php on line 267
[24-Apr-2025 18:20:03 UTC] PHP Fatal error:  Uncaught Error: Object of class WP_Error could not be converted to string in /Users/keishiro/Local Sites/pengin-ai/app/public/wp-content/themes/pengin-ai-theme/front-page.php:267
Stack trace:
#0 /Users/keishiro/Local Sites/pengin-ai/app/public/wp-includes/template-loader.php(106): include()
#1 /Users/keishiro/Local Sites/pengin-ai/app/public/wp-blog-header.php(19): require_once('/Users/keishiro...')
#2 /Users/keishiro/Local Sites/pengin-ai/app/public/index.php(17): require('/Users/keishiro...')
#3 {main}
  thrown in /Users/keishiro/Local Sites/pengin-ai/app/public/wp-content/themes/pengin-ai-theme/front-page.php on line 267
[11-May-2025 07:57:47 UTC] PHP Fatal error:  Uncaught Error: Object of class WP_Error could not be converted to string in /Users/keishiro/Local Sites/prompt-lab/app/public/wp-content/themes/pengin-ai-theme/front-page.php:267
Stack trace:
#0 /Users/keishiro/Local Sites/prompt-lab/app/public/wp-includes/template-loader.php(106): include()
#1 /Users/keishiro/Local Sites/prompt-lab/app/public/wp-blog-header.php(19): require_once('/Users/keishiro...')
#2 /Users/keishiro/Local Sites/prompt-lab/app/public/index.php(17): require('/Users/keishiro...')
#3 {main}
  thrown in /Users/keishiro/Local Sites/prompt-lab/app/public/wp-content/themes/pengin-ai-theme/front-page.php on line 267
[11-May-2025 07:57:49 UTC] PHP Fatal error:  Uncaught Error: Object of class WP_Error could not be converted to string in /Users/keishiro/Local Sites/prompt-lab/app/public/wp-content/themes/pengin-ai-theme/front-page.php:267
Stack trace:
#0 /Users/keishiro/Local Sites/prompt-lab/app/public/wp-includes/template-loader.php(106): include()
#1 /Users/keishiro/Local Sites/prompt-lab/app/public/wp-blog-header.php(19): require_once('/Users/keishiro...')
#2 /Users/keishiro/Local Sites/prompt-lab/app/public/index.php(17): require('/Users/keishiro...')
#3 {main}
  thrown in /Users/keishiro/Local Sites/prompt-lab/app/public/wp-content/themes/pengin-ai-theme/front-page.php on line 267
[11-May-2025 07:57:51 UTC] PHP Fatal error:  Uncaught Error: Object of class WP_Error could not be converted to string in /Users/keishiro/Local Sites/prompt-lab/app/public/wp-content/themes/pengin-ai-theme/front-page.php:267
Stack trace:
#0 /Users/keishiro/Local Sites/prompt-lab/app/public/wp-includes/template-loader.php(106): include()
#1 /Users/keishiro/Local Sites/prompt-lab/app/public/wp-blog-header.php(19): require_once('/Users/keishiro...')
#2 /Users/keishiro/Local Sites/prompt-lab/app/public/index.php(17): require('/Users/keishiro...')
#3 {main}
  thrown in /Users/keishiro/Local Sites/prompt-lab/app/public/wp-content/themes/pengin-ai-theme/front-page.php on line 267
[11-May-2025 08:03:14 UTC] PHP Fatal error:  Uncaught Error: Object of class WP_Error could not be converted to string in /Users/keishiro/Local Sites/prompt-lab/app/public/wp-content/themes/pengin-ai-theme/front-page.php:267
Stack trace:
#0 /Users/keishiro/Local Sites/prompt-lab/app/public/wp-includes/template-loader.php(106): include()
#1 /Users/keishiro/Local Sites/prompt-lab/app/public/wp-blog-header.php(19): require_once('/Users/keishiro...')
#2 /Users/keishiro/Local Sites/prompt-lab/app/public/index.php(17): require('/Users/keishiro...')
#3 {main}
  thrown in /Users/keishiro/Local Sites/prompt-lab/app/public/wp-content/themes/pengin-ai-theme/front-page.php on line 267
[11-May-2025 08:03:17 UTC] PHP Fatal error:  Uncaught Error: Object of class WP_Error could not be converted to string in /Users/keishiro/Local Sites/prompt-lab/app/public/wp-content/themes/pengin-ai-theme/front-page.php:267
Stack trace:
#0 /Users/keishiro/Local Sites/prompt-lab/app/public/wp-includes/template-loader.php(106): include()
#1 /Users/keishiro/Local Sites/prompt-lab/app/public/wp-blog-header.php(19): require_once('/Users/keishiro...')
#2 /Users/keishiro/Local Sites/prompt-lab/app/public/index.php(17): require('/Users/keishiro...')
#3 {main}
  thrown in /Users/keishiro/Local Sites/prompt-lab/app/public/wp-content/themes/pengin-ai-theme/front-page.php on line 267
[11-May-2025 08:04:02 UTC] PHP Fatal error:  Uncaught Error: Object of class WP_Error could not be converted to string in /Users/keishiro/Local Sites/prompt-lab/app/public/wp-content/themes/pengin-ai-theme/front-page.php:267
Stack trace:
#0 /Users/keishiro/Local Sites/prompt-lab/app/public/wp-includes/template-loader.php(106): include()
#1 /Users/keishiro/Local Sites/prompt-lab/app/public/wp-blog-header.php(19): require_once('/Users/keishiro...')
#2 /Users/keishiro/Local Sites/prompt-lab/app/public/index.php(17): require('/Users/keishiro...')
#3 {main}
  thrown in /Users/keishiro/Local Sites/prompt-lab/app/public/wp-content/themes/pengin-ai-theme/front-page.php on line 267
[11-May-2025 09:07:34 UTC] PHP Fatal error:  Uncaught Error: Object of class WP_Error could not be converted to string in /Users/keishiro/Local Sites/prompt-lab/app/public/wp-content/themes/pengin-ai-theme/front-page.php:267
Stack trace:
#0 /Users/keishiro/Local Sites/prompt-lab/app/public/wp-includes/template-loader.php(106): include()
#1 /Users/keishiro/Local Sites/prompt-lab/app/public/wp-blog-header.php(19): require_once('/Users/keishiro...')
#2 /Users/keishiro/Local Sites/prompt-lab/app/public/index.php(17): require('/Users/keishiro...')
#3 {main}
  thrown in /Users/keishiro/Local Sites/prompt-lab/app/public/wp-content/themes/pengin-ai-theme/front-page.php on line 267
[11-May-2025 09:59:27 UTC] PHP Fatal error:  Uncaught Error: Object of class WP_Error could not be converted to string in /Users/keishiro/Local Sites/prompt-lab/app/public/wp-content/themes/pengin-ai-theme/front-page.php:267
Stack trace:
#0 /Users/keishiro/Local Sites/prompt-lab/app/public/wp-includes/template-loader.php(106): include()
#1 /Users/keishiro/Local Sites/prompt-lab/app/public/wp-blog-header.php(19): require_once('/Users/keishiro...')
#2 /Users/keishiro/Local Sites/prompt-lab/app/public/index.php(17): require('/Users/keishiro...')
#3 {main}
  thrown in /Users/keishiro/Local Sites/prompt-lab/app/public/wp-content/themes/pengin-ai-theme/front-page.php on line 267
[11-May-2025 16:07:23 UTC] PHP Fatal error:  Uncaught Error: Object of class WP_Error could not be converted to string in /Users/keishiro/Local Sites/prompt-lab/app/public/wp-content/themes/pengin-ai-theme/front-page.php:267
Stack trace:
#0 /Users/keishiro/Local Sites/prompt-lab/app/public/wp-includes/template-loader.php(106): include()
#1 /Users/keishiro/Local Sites/prompt-lab/app/public/wp-blog-header.php(19): require_once('/Users/keishiro...')
#2 /Users/keishiro/Local Sites/prompt-lab/app/public/index.php(17): require('/Users/keishiro...')
#3 {main}
  thrown in /Users/keishiro/Local Sites/prompt-lab/app/public/wp-content/themes/pengin-ai-theme/front-page.php on line 267
[11-May-2025 16:07:27 UTC] PHP Fatal error:  Uncaught Error: Object of class WP_Error could not be converted to string in /Users/keishiro/Local Sites/prompt-lab/app/public/wp-content/themes/pengin-ai-theme/front-page.php:267
Stack trace:
#0 /Users/keishiro/Local Sites/prompt-lab/app/public/wp-includes/template-loader.php(106): include()
#1 /Users/keishiro/Local Sites/prompt-lab/app/public/wp-blog-header.php(19): require_once('/Users/keishiro...')
#2 /Users/keishiro/Local Sites/prompt-lab/app/public/index.php(17): require('/Users/keishiro...')
#3 {main}
  thrown in /Users/keishiro/Local Sites/prompt-lab/app/public/wp-content/themes/pengin-ai-theme/front-page.php on line 267
[11-May-2025 16:07:28 UTC] PHP Fatal error:  Uncaught Error: Object of class WP_Error could not be converted to string in /Users/keishiro/Local Sites/prompt-lab/app/public/wp-content/themes/pengin-ai-theme/front-page.php:267
Stack trace:
#0 /Users/keishiro/Local Sites/prompt-lab/app/public/wp-includes/template-loader.php(106): include()
#1 /Users/keishiro/Local Sites/prompt-lab/app/public/wp-blog-header.php(19): require_once('/Users/keishiro...')
#2 /Users/keishiro/Local Sites/prompt-lab/app/public/index.php(17): require('/Users/keishiro...')
#3 {main}
  thrown in /Users/keishiro/Local Sites/prompt-lab/app/public/wp-content/themes/pengin-ai-theme/front-page.php on line 267
[11-May-2025 16:07:28 UTC] PHP Fatal error:  Uncaught Error: Object of class WP_Error could not be converted to string in /Users/keishiro/Local Sites/prompt-lab/app/public/wp-content/themes/pengin-ai-theme/front-page.php:267
Stack trace:
#0 /Users/keishiro/Local Sites/prompt-lab/app/public/wp-includes/template-loader.php(106): include()
#1 /Users/keishiro/Local Sites/prompt-lab/app/public/wp-blog-header.php(19): require_once('/Users/keishiro...')
#2 /Users/keishiro/Local Sites/prompt-lab/app/public/index.php(17): require('/Users/keishiro...')
#3 {main}
  thrown in /Users/keishiro/Local Sites/prompt-lab/app/public/wp-content/themes/pengin-ai-theme/front-page.php on line 267
[11-May-2025 16:07:38 UTC] PHP Fatal error:  Uncaught Error: Object of class WP_Error could not be converted to string in /Users/keishiro/Local Sites/prompt-lab/app/public/wp-content/themes/pengin-ai-theme/front-page.php:267
Stack trace:
#0 /Users/keishiro/Local Sites/prompt-lab/app/public/wp-includes/template-loader.php(106): include()
#1 /Users/keishiro/Local Sites/prompt-lab/app/public/wp-blog-header.php(19): require_once('/Users/keishiro...')
#2 /Users/keishiro/Local Sites/prompt-lab/app/public/index.php(17): require('/Users/keishiro...')
#3 {main}
  thrown in /Users/keishiro/Local Sites/prompt-lab/app/public/wp-content/themes/pengin-ai-theme/front-page.php on line 267
[11-May-2025 16:09:58 UTC] PHP Fatal error:  Uncaught Error: Object of class WP_Error could not be converted to string in /Users/keishiro/Local Sites/prompt-lab/app/public/wp-content/themes/pengin-ai-theme/front-page.php:267
Stack trace:
#0 /Users/keishiro/Local Sites/prompt-lab/app/public/wp-includes/template-loader.php(106): include()
#1 /Users/keishiro/Local Sites/prompt-lab/app/public/wp-blog-header.php(19): require_once('/Users/keishiro...')
#2 /Users/keishiro/Local Sites/prompt-lab/app/public/index.php(17): require('/Users/keishiro...')
#3 {main}
  thrown in /Users/keishiro/Local Sites/prompt-lab/app/public/wp-content/themes/pengin-ai-theme/front-page.php on line 267
[12-May-2025 18:14:13 UTC] PHP Fatal error:  Uncaught Error: Call to undefined function add_meta_box() in /Users/keishiro/Local Sites/prompt-lab/app/public/wp-content/themes/pengin-ai-theme/functions.php:813
Stack trace:
#0 /Users/keishiro/Local Sites/prompt-lab/app/public/wp-includes/class-wp-hook.php(324): register_prompt_post_type('')
#1 /Users/keishiro/Local Sites/prompt-lab/app/public/wp-includes/class-wp-hook.php(348): WP_Hook->apply_filters(NULL, Array)
#2 /Users/keishiro/Local Sites/prompt-lab/app/public/wp-includes/plugin.php(517): WP_Hook->do_action(Array)
#3 /Users/keishiro/Local Sites/prompt-lab/app/public/wp-settings.php(727): do_action('init')
#4 /Users/keishiro/Local Sites/prompt-lab/app/public/wp-config.php(103): require_once('/Users/keishiro...')
#5 /Users/keishiro/Local Sites/prompt-lab/app/public/wp-load.php(50): require_once('/Users/keishiro...')
#6 /Users/keishiro/Local Sites/prompt-lab/app/public/wp-admin/admin-ajax.php(22): require_once('/Users/keishiro...')
#7 {main}
  thrown in /Users/keishiro/Local Sites/prompt-lab/app/public/wp-content/themes/pengin-ai-theme/functions.php on line 813
[12-May-2025 18:14:13 UTC] PHP Warning:  Trying to access array offset on value of type bool in /Users/keishiro/Local Sites/prompt-lab/app/public/wp-includes/class-wp-recovery-mode-email-service.php on line 367
[12-May-2025 18:14:13 UTC] PHP Warning:  Trying to access array offset on value of type bool in /Users/keishiro/Local Sites/prompt-lab/app/public/wp-includes/class-wp-recovery-mode-email-service.php on line 368
[12-May-2025 18:16:13 UTC] PHP Fatal error:  Uncaught Error: Call to undefined function add_meta_box() in /Users/keishiro/Local Sites/prompt-lab/app/public/wp-content/themes/pengin-ai-theme/functions.php:813
Stack trace:
#0 /Users/keishiro/Local Sites/prompt-lab/app/public/wp-includes/class-wp-hook.php(324): register_prompt_post_type('')
#1 /Users/keishiro/Local Sites/prompt-lab/app/public/wp-includes/class-wp-hook.php(348): WP_Hook->apply_filters(NULL, Array)
#2 /Users/keishiro/Local Sites/prompt-lab/app/public/wp-includes/plugin.php(517): WP_Hook->do_action(Array)
#3 /Users/keishiro/Local Sites/prompt-lab/app/public/wp-settings.php(727): do_action('init')
#4 /Users/keishiro/Local Sites/prompt-lab/app/public/wp-config.php(103): require_once('/Users/keishiro...')
#5 /Users/keishiro/Local Sites/prompt-lab/app/public/wp-load.php(50): require_once('/Users/keishiro...')
#6 /Users/keishiro/Local Sites/prompt-lab/app/public/wp-admin/admin-ajax.php(22): require_once('/Users/keishiro...')
#7 {main}
  thrown in /Users/keishiro/Local Sites/prompt-lab/app/public/wp-content/themes/pengin-ai-theme/functions.php on line 813
[12-May-2025 18:16:56 UTC] PHP Fatal error:  Uncaught Error: Call to undefined function add_meta_box() in /Users/keishiro/Local Sites/prompt-lab/app/public/wp-content/themes/pengin-ai-theme/functions.php:813
Stack trace:
#0 /Users/keishiro/Local Sites/prompt-lab/app/public/wp-includes/class-wp-hook.php(324): register_prompt_post_type('')
#1 /Users/keishiro/Local Sites/prompt-lab/app/public/wp-includes/class-wp-hook.php(348): WP_Hook->apply_filters(NULL, Array)
#2 /Users/keishiro/Local Sites/prompt-lab/app/public/wp-includes/plugin.php(517): WP_Hook->do_action(Array)
#3 /Users/keishiro/Local Sites/prompt-lab/app/public/wp-settings.php(727): do_action('init')
#4 /Users/keishiro/Local Sites/prompt-lab/app/public/wp-config.php(103): require_once('/Users/keishiro...')
#5 /Users/keishiro/Local Sites/prompt-lab/app/public/wp-load.php(50): require_once('/Users/keishiro...')
#6 /Users/keishiro/Local Sites/prompt-lab/app/public/wp-admin/admin.php(35): require_once('/Users/keishiro...')
#7 /Users/keishiro/Local Sites/prompt-lab/app/public/wp-admin/post.php(12): require_once('/Users/keishiro...')
#8 {main}
  thrown in /Users/keishiro/Local Sites/prompt-lab/app/public/wp-content/themes/pengin-ai-theme/functions.php on line 813
[12-May-2025 18:16:56 UTC] PHP Fatal error:  Uncaught Error: Call to undefined function add_meta_box() in /Users/keishiro/Local Sites/prompt-lab/app/public/wp-content/themes/pengin-ai-theme/functions.php:813
Stack trace:
#0 /Users/keishiro/Local Sites/prompt-lab/app/public/wp-includes/class-wp-hook.php(324): register_prompt_post_type('')
#1 /Users/keishiro/Local Sites/prompt-lab/app/public/wp-includes/class-wp-hook.php(348): WP_Hook->apply_filters(NULL, Array)
#2 /Users/keishiro/Local Sites/prompt-lab/app/public/wp-includes/plugin.php(517): WP_Hook->do_action(Array)
#3 /Users/keishiro/Local Sites/prompt-lab/app/public/wp-settings.php(727): do_action('init')
#4 /Users/keishiro/Local Sites/prompt-lab/app/public/wp-config.php(103): require_once('/Users/keishiro...')
#5 /Users/keishiro/Local Sites/prompt-lab/app/public/wp-load.php(50): require_once('/Users/keishiro...')
#6 /Users/keishiro/Local Sites/prompt-lab/app/public/wp-admin/admin-ajax.php(22): require_once('/Users/keishiro...')
#7 {main}
  thrown in /Users/keishiro/Local Sites/prompt-lab/app/public/wp-content/themes/pengin-ai-theme/functions.php on line 813
[12-May-2025 18:16:56 UTC] PHP Fatal error:  Uncaught Error: Call to undefined function add_meta_box() in /Users/keishiro/Local Sites/prompt-lab/app/public/wp-content/themes/pengin-ai-theme/functions.php:813
Stack trace:
#0 /Users/keishiro/Local Sites/prompt-lab/app/public/wp-includes/class-wp-hook.php(324): register_prompt_post_type('')
#1 /Users/keishiro/Local Sites/prompt-lab/app/public/wp-includes/class-wp-hook.php(348): WP_Hook->apply_filters(NULL, Array)
#2 /Users/keishiro/Local Sites/prompt-lab/app/public/wp-includes/plugin.php(517): WP_Hook->do_action(Array)
#3 /Users/keishiro/Local Sites/prompt-lab/app/public/wp-settings.php(727): do_action('init')
#4 /Users/keishiro/Local Sites/prompt-lab/app/public/wp-config.php(103): require_once('/Users/keishiro...')
#5 /Users/keishiro/Local Sites/prompt-lab/app/public/wp-load.php(50): require_once('/Users/keishiro...')
#6 /Users/keishiro/Local Sites/prompt-lab/app/public/wp-blog-header.php(13): require_once('/Users/keishiro...')
#7 /Users/keishiro/Local Sites/prompt-lab/app/public/index.php(17): require('/Users/keishiro...')
#8 {main}
  thrown in /Users/keishiro/Local Sites/prompt-lab/app/public/wp-content/themes/pengin-ai-theme/functions.php on line 813
[12-May-2025 18:17:03 UTC] PHP Fatal error:  Uncaught Error: Call to undefined function add_meta_box() in /Users/keishiro/Local Sites/prompt-lab/app/public/wp-content/themes/pengin-ai-theme/functions.php:813
Stack trace:
#0 /Users/keishiro/Local Sites/prompt-lab/app/public/wp-includes/class-wp-hook.php(324): register_prompt_post_type('')
#1 /Users/keishiro/Local Sites/prompt-lab/app/public/wp-includes/class-wp-hook.php(348): WP_Hook->apply_filters(NULL, Array)
#2 /Users/keishiro/Local Sites/prompt-lab/app/public/wp-includes/plugin.php(517): WP_Hook->do_action(Array)
#3 /Users/keishiro/Local Sites/prompt-lab/app/public/wp-settings.php(727): do_action('init')
#4 /Users/keishiro/Local Sites/prompt-lab/app/public/wp-config.php(103): require_once('/Users/keishiro...')
#5 /Users/keishiro/Local Sites/prompt-lab/app/public/wp-load.php(50): require_once('/Users/keishiro...')
#6 /Users/keishiro/Local Sites/prompt-lab/app/public/wp-admin/admin.php(35): require_once('/Users/keishiro...')
#7 /Users/keishiro/Local Sites/prompt-lab/app/public/wp-admin/post.php(12): require_once('/Users/keishiro...')
#8 {main}
  thrown in /Users/keishiro/Local Sites/prompt-lab/app/public/wp-content/themes/pengin-ai-theme/functions.php on line 813
[12-May-2025 18:17:03 UTC] PHP Fatal error:  Uncaught Error: Call to undefined function add_meta_box() in /Users/keishiro/Local Sites/prompt-lab/app/public/wp-content/themes/pengin-ai-theme/functions.php:813
Stack trace:
#0 /Users/keishiro/Local Sites/prompt-lab/app/public/wp-includes/class-wp-hook.php(324): register_prompt_post_type('')
#1 /Users/keishiro/Local Sites/prompt-lab/app/public/wp-includes/class-wp-hook.php(348): WP_Hook->apply_filters(NULL, Array)
#2 /Users/keishiro/Local Sites/prompt-lab/app/public/wp-includes/plugin.php(517): WP_Hook->do_action(Array)
#3 /Users/keishiro/Local Sites/prompt-lab/app/public/wp-settings.php(727): do_action('init')
#4 /Users/keishiro/Local Sites/prompt-lab/app/public/wp-config.php(103): require_once('/Users/keishiro...')
#5 /Users/keishiro/Local Sites/prompt-lab/app/public/wp-load.php(50): require_once('/Users/keishiro...')
#6 /Users/keishiro/Local Sites/prompt-lab/app/public/wp-blog-header.php(13): require_once('/Users/keishiro...')
#7 /Users/keishiro/Local Sites/prompt-lab/app/public/index.php(17): require('/Users/keishiro...')
#8 {main}
  thrown in /Users/keishiro/Local Sites/prompt-lab/app/public/wp-content/themes/pengin-ai-theme/functions.php on line 813
[12-May-2025 18:36:44 UTC] PHP Fatal error:  Uncaught Error: Object of class WP_Error could not be converted to string in /Users/keishiro/Local Sites/prompt-lab/app/public/wp-content/themes/pengin-ai-theme/front-page.php:267
Stack trace:
#0 /Users/keishiro/Local Sites/prompt-lab/app/public/wp-includes/template-loader.php(106): include()
#1 /Users/keishiro/Local Sites/prompt-lab/app/public/wp-blog-header.php(19): require_once('/Users/keishiro...')
#2 /Users/keishiro/Local Sites/prompt-lab/app/public/index.php(17): require('/Users/keishiro...')
#3 {main}
  thrown in /Users/keishiro/Local Sites/prompt-lab/app/public/wp-content/themes/pengin-ai-theme/front-page.php on line 267
[12-May-2025 18:36:51 UTC] PHP Fatal error:  Uncaught Error: Object of class WP_Error could not be converted to string in /Users/keishiro/Local Sites/prompt-lab/app/public/wp-content/themes/pengin-ai-theme/front-page.php:267
Stack trace:
#0 /Users/keishiro/Local Sites/prompt-lab/app/public/wp-includes/template-loader.php(106): include()
#1 /Users/keishiro/Local Sites/prompt-lab/app/public/wp-blog-header.php(19): require_once('/Users/keishiro...')
#2 /Users/keishiro/Local Sites/prompt-lab/app/public/index.php(17): require('/Users/keishiro...')
#3 {main}
  thrown in /Users/keishiro/Local Sites/prompt-lab/app/public/wp-content/themes/pengin-ai-theme/front-page.php on line 267
[12-May-2025 18:36:53 UTC] PHP Fatal error:  Uncaught Error: Object of class WP_Error could not be converted to string in /Users/keishiro/Local Sites/prompt-lab/app/public/wp-content/themes/pengin-ai-theme/front-page.php:267
Stack trace:
#0 /Users/keishiro/Local Sites/prompt-lab/app/public/wp-includes/template-loader.php(106): include()
#1 /Users/keishiro/Local Sites/prompt-lab/app/public/wp-blog-header.php(19): require_once('/Users/keishiro...')
#2 /Users/keishiro/Local Sites/prompt-lab/app/public/index.php(17): require('/Users/keishiro...')
#3 {main}
  thrown in /Users/keishiro/Local Sites/prompt-lab/app/public/wp-content/themes/pengin-ai-theme/front-page.php on line 267
[12-May-2025 18:36:54 UTC] PHP Fatal error:  Uncaught Error: Object of class WP_Error could not be converted to string in /Users/keishiro/Local Sites/prompt-lab/app/public/wp-content/themes/pengin-ai-theme/front-page.php:267
Stack trace:
#0 /Users/keishiro/Local Sites/prompt-lab/app/public/wp-includes/template-loader.php(106): include()
#1 /Users/keishiro/Local Sites/prompt-lab/app/public/wp-blog-header.php(19): require_once('/Users/keishiro...')
#2 /Users/keishiro/Local Sites/prompt-lab/app/public/index.php(17): require('/Users/keishiro...')
#3 {main}
  thrown in /Users/keishiro/Local Sites/prompt-lab/app/public/wp-content/themes/pengin-ai-theme/front-page.php on line 267
[12-May-2025 18:36:56 UTC] PHP Fatal error:  Uncaught Error: Object of class WP_Error could not be converted to string in /Users/keishiro/Local Sites/prompt-lab/app/public/wp-content/themes/pengin-ai-theme/front-page.php:267
Stack trace:
#0 /Users/keishiro/Local Sites/prompt-lab/app/public/wp-includes/template-loader.php(106): include()
#1 /Users/keishiro/Local Sites/prompt-lab/app/public/wp-blog-header.php(19): require_once('/Users/keishiro...')
#2 /Users/keishiro/Local Sites/prompt-lab/app/public/index.php(17): require('/Users/keishiro...')
#3 {main}
  thrown in /Users/keishiro/Local Sites/prompt-lab/app/public/wp-content/themes/pengin-ai-theme/front-page.php on line 267
[12-May-2025 18:45:19 UTC] PHP Parse error:  syntax error, unexpected end of file, expecting "elseif" or "else" or "endif" in /Users/keishiro/Local Sites/prompt-lab/app/public/wp-content/themes/pengin-ai-theme/single-lesson.php on line 574
[12-May-2025 18:45:21 UTC] PHP Parse error:  syntax error, unexpected end of file, expecting "elseif" or "else" or "endif" in /Users/keishiro/Local Sites/prompt-lab/app/public/wp-content/themes/pengin-ai-theme/single-lesson.php on line 574
[12-May-2025 18:46:36 UTC] PHP Parse error:  syntax error, unexpected end of file, expecting "elseif" or "else" or "endif" in /Users/keishiro/Local Sites/prompt-lab/app/public/wp-content/themes/pengin-ai-theme/single-lesson.php on line 573
[12-May-2025 18:46:49 UTC] PHP Parse error:  syntax error, unexpected end of file, expecting "elseif" or "else" or "endif" in /Users/keishiro/Local Sites/prompt-lab/app/public/wp-content/themes/pengin-ai-theme/single-lesson.php on line 573
[12-May-2025 18:48:15 UTC] PHP Fatal error:  Uncaught Error: Object of class WP_Error could not be converted to string in /Users/keishiro/Local Sites/prompt-lab/app/public/wp-content/themes/pengin-ai-theme/front-page.php:267
Stack trace:
#0 /Users/keishiro/Local Sites/prompt-lab/app/public/wp-includes/template-loader.php(106): include()
#1 /Users/keishiro/Local Sites/prompt-lab/app/public/wp-blog-header.php(19): require_once('/Users/keishiro...')
#2 /Users/keishiro/Local Sites/prompt-lab/app/public/index.php(17): require('/Users/keishiro...')
#3 {main}
  thrown in /Users/keishiro/Local Sites/prompt-lab/app/public/wp-content/themes/pengin-ai-theme/front-page.php on line 267
